{"C:\\Users\\Natol\\Desktop\\Projects\\shega-desktop\\src\\main\\money.ts": {"path":"C:\\Users\\Natol\\Desktop\\Projects\\shega-desktop\\src\\main\\money.ts","statementMap":{"0":{"start":{"line":9,"column":37},"end":{"line":9,"column":null}},"1":{"start":{"line":13,"column":2},"end":{"line":13,"column":null}},"2":{"start":{"line":18,"column":2},"end":{"line":18,"column":null}},"3":{"start":{"line":23,"column":12},"end":{"line":23,"column":null}},"4":{"start":{"line":24,"column":2},"end":{"line":24,"column":null}},"5":{"start":{"line":41,"column":22},"end":{"line":41,"column":null}},"6":{"start":{"line":42,"column":22},"end":{"line":42,"column":null}},"7":{"start":{"line":43,"column":17},"end":{"line":43,"column":null}},"8":{"start":{"line":44,"column":2},"end":{"line":51,"column":null}},"9":{"start":{"line":45,"column":18},"end":{"line":45,"column":null}},"10":{"start":{"line":46,"column":17},"end":{"line":46,"column":null}},"11":{"start":{"line":47,"column":16},"end":{"line":47,"column":null}},"12":{"start":{"line":48,"column":4},"end":{"line":48,"column":null}},"13":{"start":{"line":49,"column":4},"end":{"line":49,"column":null}},"14":{"start":{"line":50,"column":4},"end":{"line":50,"column":null}},"15":{"start":{"line":52,"column":2},"end":{"line":57,"column":null}},"16":{"start":{"line":62,"column":17},"end":{"line":62,"column":null}},"17":{"start":{"line":63,"column":17},"end":{"line":63,"column":null}},"18":{"start":{"line":64,"column":12},"end":{"line":64,"column":null}},"19":{"start":{"line":65,"column":2},"end":{"line":72,"column":null}},"20":{"start":{"line":66,"column":18},"end":{"line":66,"column":null}},"21":{"start":{"line":67,"column":17},"end":{"line":67,"column":null}},"22":{"start":{"line":68,"column":16},"end":{"line":68,"column":null}},"23":{"start":{"line":69,"column":4},"end":{"line":69,"column":null}},"24":{"start":{"line":70,"column":4},"end":{"line":70,"column":null}},"25":{"start":{"line":71,"column":4},"end":{"line":71,"column":null}},"26":{"start":{"line":73,"column":2},"end":{"line":78,"column":null}}},"fnMap":{"0":{"name":"toMinor","decl":{"start":{"line":12,"column":16},"end":{"line":12,"column":24}},"loc":{"start":{"line":12,"column":48},"end":{"line":14,"column":null}},"line":12},"1":{"name":"fromMinor","decl":{"start":{"line":17,"column":16},"end":{"line":17,"column":26}},"loc":{"start":{"line":17,"column":49},"end":{"line":19,"column":null}},"line":17},"2":{"name":"roundMoney","decl":{"start":{"line":22,"column":16},"end":{"line":22,"column":27}},"loc":{"start":{"line":22,"column":51},"end":{"line":25,"column":null}},"line":22},"3":{"name":"computeTotal","decl":{"start":{"line":40,"column":16},"end":{"line":40,"column":29}},"loc":{"start":{"line":40,"column":62},"end":{"line":58,"column":null}},"line":40},"4":{"name":"computeTotalFloat","decl":{"start":{"line":61,"column":16},"end":{"line":61,"column":34}},"loc":{"start":{"line":61,"column":67},"end":{"line":79,"column":null}},"line":61}},"branchMap":{"0":{"loc":{"start":{"line":45,"column":27},"end":{"line":45,"column":42}},"type":"binary-expr","locations":[{"start":{"line":45,"column":27},"end":{"line":45,"column":36}},{"start":{"line":45,"column":36},"end":{"line":45,"column":42}}],"line":45},"1":{"loc":{"start":{"line":45,"column":42},"end":{"line":45,"column":59}},"type":"binary-expr","locations":[{"start":{"line":45,"column":42},"end":{"line":45,"column":57}},{"start":{"line":45,"column":57},"end":{"line":45,"column":59}}],"line":45},"2":{"loc":{"start":{"line":46,"column":25},"end":{"line":46,"column":40}},"type":"binary-expr","locations":[{"start":{"line":46,"column":25},"end":{"line":46,"column":39}},{"start":{"line":46,"column":39},"end":{"line":46,"column":40}}],"line":46},"3":{"loc":{"start":{"line":50,"column":34},"end":{"line":50,"column":49}},"type":"binary-expr","locations":[{"start":{"line":50,"column":34},"end":{"line":50,"column":47}},{"start":{"line":50,"column":47},"end":{"line":50,"column":49}}],"line":50},"4":{"loc":{"start":{"line":66,"column":30},"end":{"line":66,"column":45}},"type":"binary-expr","locations":[{"start":{"line":66,"column":30},"end":{"line":66,"column":39}},{"start":{"line":66,"column":39},"end":{"line":66,"column":45}}],"line":66},"5":{"loc":{"start":{"line":66,"column":45},"end":{"line":66,"column":65}},"type":"binary-expr","locations":[{"start":{"line":66,"column":45},"end":{"line":66,"column":60}},{"start":{"line":66,"column":60},"end":{"line":66,"column":65}}],"line":66},"6":{"loc":{"start":{"line":67,"column":29},"end":{"line":67,"column":48}},"type":"binary-expr","locations":[{"start":{"line":67,"column":29},"end":{"line":67,"column":43}},{"start":{"line":67,"column":43},"end":{"line":67,"column":48}}],"line":67},"7":{"loc":{"start":{"line":71,"column":29},"end":{"line":71,"column":47}},"type":"binary-expr","locations":[{"start":{"line":71,"column":29},"end":{"line":71,"column":42}},{"start":{"line":71,"column":42},"end":{"line":71,"column":47}}],"line":71}},"s":{"0":1,"1":61663,"2":40885,"3":10,"4":10,"5":10215,"6":10215,"7":10215,"8":10215,"9":30818,"10":30818,"11":30818,"12":30818,"13":30818,"14":30818,"15":10215,"16":10004,"17":10004,"18":10004,"19":10004,"20":30140,"21":30140,"22":30140,"23":30140,"24":30140,"25":30140,"26":10004},"f":{"0":61663,"1":40885,"2":10,"3":10215,"4":10004},"b":{"0":[30818,1],"1":[30818,1],"2":[30818,21499],"3":[30818,3],"4":[30140,1],"5":[30140,1],"6":[30140,21060],"7":[30140,2]},"meta":{"lastBranch":8,"lastFunction":5,"lastStatement":27,"seen":{"s:9:37:9:Infinity":0,"f:12:16:12:24":0,"s:13:2:13:Infinity":1,"f:17:16:17:26":1,"s:18:2:18:Infinity":2,"f:22:16:22:27":2,"s:23:12:23:Infinity":3,"s:24:2:24:Infinity":4,"f:40:16:40:29":3,"s:41:22:41:Infinity":5,"s:42:22:42:Infinity":6,"s:43:17:43:Infinity":7,"s:44:2:51:Infinity":8,"s:45:18:45:Infinity":9,"b:45:27:45:36:45:36:45:42":0,"b:45:42:45:57:45:57:45:59":1,"s:46:17:46:Infinity":10,"b:46:25:46:39:46:39:46:40":2,"s:47:16:47:Infinity":11,"s:48:4:48:Infinity":12,"s:49:4:49:Infinity":13,"s:50:4:50:Infinity":14,"b:50:34:50:47:50:47:50:49":3,"s:52:2:57:Infinity":15,"f:61:16:61:34":4,"s:62:17:62:Infinity":16,"s:63:17:63:Infinity":17,"s:64:12:64:Infinity":18,"s:65:2:72:Infinity":19,"s:66:18:66:Infinity":20,"b:66:30:66:39:66:39:66:45":4,"b:66:45:66:60:66:60:66:65":5,"s:67:17:67:Infinity":21,"b:67:29:67:43:67:43:67:48":6,"s:68:16:68:Infinity":22,"s:69:4:69:Infinity":23,"s:70:4:70:Infinity":24,"s:71:4:71:Infinity":25,"b:71:29:71:42:71:42:71:47":7,"s:73:2:78:Infinity":26},"fnNames":{}}}
}
